{"C:\\xampp\\htdocs\\synrgy\\Project\\Challenge8\\api\\index.ts": {"path":"C:\\xampp\\htdocs\\synrgy\\Project\\Challenge8\\api\\index.ts","statementMap":{"0":{"start":{"line":1,"column":0},"end":{"line":1,"column":40}},"1":{"start":{"line":2,"column":0},"end":{"line":2,"column":24}},"2":{"start":{"line":3,"column":0},"end":{"line":3,"column":34}},"3":{"start":{"line":4,"column":19},"end":{"line":4,"column":41}},"4":{"start":{"line":6,"column":16},"end":{"line":6,"column":51}},"5":{"start":{"line":7,"column":21},"end":{"line":7,"column":62}},"6":{"start":{"line":8,"column":18},"end":{"line":8,"column":51}},"7":{"start":{"line":9,"column":19},"end":{"line":9,"column":53}},"8":{"start":{"line":10,"column":20},"end":{"line":10,"column":29}},"9":{"start":{"line":11,"column":13},"end":{"line":11,"column":17}},"10":{"start":{"line":13,"column":21},"end":{"line":21,"column":2}},"11":{"start":{"line":23,"column":0},"end":{"line":23,"column":null}},"12":{"start":{"line":25,"column":0},"end":{"line":25,"column":null}},"13":{"start":{"line":26,"column":0},"end":{"line":26,"column":null}},"14":{"start":{"line":27,"column":0},"end":{"line":27,"column":null}},"15":{"start":{"line":28,"column":0},"end":{"line":28,"column":null}},"16":{"start":{"line":32,"column":0},"end":{"line":32,"column":null}},"17":{"start":{"line":33,"column":0},"end":{"line":33,"column":null}},"18":{"start":{"line":35,"column":15},"end":{"line":37,"column":2}},"19":{"start":{"line":36,"column":2},"end":{"line":36,"column":null}},"20":{"start":{"line":39,"column":0},"end":{"line":39,"column":24}}},"fnMap":{"0":{"name":"(anonymous_1)","decl":{"start":{"line":35,"column":32},"end":{"line":35,"column":35}},"loc":{"start":{"line":35,"column":37},"end":{"line":37,"column":1}}}},"branchMap":{},"s":{"0":1,"1":1,"2":1,"3":1,"4":1,"5":1,"6":1,"7":1,"8":1,"9":1,"10":1,"11":1,"12":1,"13":1,"14":1,"15":1,"16":1,"17":1,"18":1,"19":1,"20":1},"f":{"0":1},"b":{}}
,"C:\\xampp\\htdocs\\synrgy\\Project\\Challenge8\\api\\src\\controllers\\carControllers.ts": {"path":"C:\\xampp\\htdocs\\synrgy\\Project\\Challenge8\\api\\src\\controllers\\carControllers.ts","statementMap":{"0":{"start":{"line":2,"column":0},"end":{"line":2,"column":41}},"1":{"start":{"line":3,"column":23},"end":{"line":3,"column":66}},"2":{"start":{"line":5,"column":12},"end":{"line":22,"column":null}},"3":{"start":{"line":5,"column":35},"end":{"line":22,"column":null}},"4":{"start":{"line":9,"column":2},"end":{"line":21,"column":null}},"5":{"start":{"line":10,"column":4},"end":{"line":10,"column":null}},"6":{"start":{"line":11,"column":4},"end":{"line":11,"column":null}},"7":{"start":{"line":12,"column":4},"end":{"line":15,"column":null}},"8":{"start":{"line":17,"column":4},"end":{"line":20,"column":null}},"9":{"start":{"line":24,"column":13},"end":{"line":38,"column":null}},"10":{"start":{"line":24,"column":50},"end":{"line":38,"column":null}},"11":{"start":{"line":25,"column":15},"end":{"line":25,"column":44}},"12":{"start":{"line":26,"column":2},"end":{"line":37,"column":null}},"13":{"start":{"line":27,"column":4},"end":{"line":27,"column":null}},"14":{"start":{"line":28,"column":4},"end":{"line":31,"column":null}},"15":{"start":{"line":33,"column":4},"end":{"line":36,"column":null}},"16":{"start":{"line":40,"column":16},"end":{"line":53,"column":null}},"17":{"start":{"line":40,"column":54},"end":{"line":53,"column":null}},"18":{"start":{"line":41,"column":2},"end":{"line":52,"column":null}},"19":{"start":{"line":42,"column":4},"end":{"line":42,"column":null}},"20":{"start":{"line":43,"column":4},"end":{"line":46,"column":null}},"21":{"start":{"line":48,"column":4},"end":{"line":51,"column":null}},"22":{"start":{"line":55,"column":19},"end":{"line":69,"column":null}},"23":{"start":{"line":55,"column":56},"end":{"line":69,"column":null}},"24":{"start":{"line":56,"column":15},"end":{"line":56,"column":44}},"25":{"start":{"line":57,"column":2},"end":{"line":68,"column":null}},"26":{"start":{"line":58,"column":4},"end":{"line":58,"column":null}},"27":{"start":{"line":59,"column":4},"end":{"line":62,"column":null}},"28":{"start":{"line":64,"column":4},"end":{"line":67,"column":null}},"29":{"start":{"line":71,"column":19},"end":{"line":85,"column":null}},"30":{"start":{"line":71,"column":56},"end":{"line":85,"column":null}},"31":{"start":{"line":72,"column":15},"end":{"line":72,"column":44}},"32":{"start":{"line":73,"column":2},"end":{"line":84,"column":null}},"33":{"start":{"line":74,"column":4},"end":{"line":74,"column":null}},"34":{"start":{"line":75,"column":4},"end":{"line":78,"column":null}},"35":{"start":{"line":80,"column":4},"end":{"line":83,"column":null}},"36":{"start":{"line":87,"column":0},"end":{"line":93,"column":null}}},"fnMap":{"0":{"name":"(anonymous_8)","decl":{"start":{"line":5,"column":12},"end":{"line":5,"column":19}},"loc":{"start":{"line":5,"column":35},"end":{"line":22,"column":null}}},"1":{"name":"(anonymous_9)","decl":{"start":{"line":5,"column":35},"end":{"line":5,"column":null}},"loc":{"start":{"line":5,"column":35},"end":{"line":22,"column":1}}},"2":{"name":"(anonymous_10)","decl":{"start":{"line":9,"column":30},"end":{"line":9,"column":31}},"loc":{"start":{"line":9,"column":43},"end":{"line":16,"column":3}}},"3":{"name":"(anonymous_11)","decl":{"start":{"line":16,"column":11},"end":{"line":16,"column":12}},"loc":{"start":{"line":16,"column":18},"end":{"line":21,"column":3}}},"4":{"name":"(anonymous_12)","decl":{"start":{"line":24,"column":13},"end":{"line":24,"column":20}},"loc":{"start":{"line":24,"column":50},"end":{"line":38,"column":null}}},"5":{"name":"(anonymous_13)","decl":{"start":{"line":24,"column":50},"end":{"line":24,"column":null}},"loc":{"start":{"line":24,"column":50},"end":{"line":38,"column":1}}},"6":{"name":"(anonymous_14)","decl":{"start":{"line":26,"column":40},"end":{"line":26,"column":41}},"loc":{"start":{"line":26,"column":53},"end":{"line":32,"column":3}}},"7":{"name":"(anonymous_15)","decl":{"start":{"line":32,"column":11},"end":{"line":32,"column":12}},"loc":{"start":{"line":32,"column":18},"end":{"line":37,"column":3}}},"8":{"name":"(anonymous_16)","decl":{"start":{"line":40,"column":16},"end":{"line":40,"column":23}},"loc":{"start":{"line":40,"column":54},"end":{"line":53,"column":null}}},"9":{"name":"(anonymous_17)","decl":{"start":{"line":40,"column":54},"end":{"line":40,"column":null}},"loc":{"start":{"line":40,"column":54},"end":{"line":53,"column":1}}},"10":{"name":"(anonymous_18)","decl":{"start":{"line":41,"column":37},"end":{"line":41,"column":38}},"loc":{"start":{"line":41,"column":50},"end":{"line":47,"column":3}}},"11":{"name":"(anonymous_19)","decl":{"start":{"line":47,"column":11},"end":{"line":47,"column":12}},"loc":{"start":{"line":47,"column":18},"end":{"line":52,"column":3}}},"12":{"name":"(anonymous_20)","decl":{"start":{"line":55,"column":19},"end":{"line":55,"column":26}},"loc":{"start":{"line":55,"column":56},"end":{"line":69,"column":null}}},"13":{"name":"(anonymous_21)","decl":{"start":{"line":55,"column":56},"end":{"line":55,"column":null}},"loc":{"start":{"line":55,"column":56},"end":{"line":69,"column":1}}},"14":{"name":"(anonymous_22)","decl":{"start":{"line":57,"column":46},"end":{"line":57,"column":47}},"loc":{"start":{"line":57,"column":59},"end":{"line":63,"column":3}}},"15":{"name":"(anonymous_23)","decl":{"start":{"line":63,"column":11},"end":{"line":63,"column":12}},"loc":{"start":{"line":63,"column":18},"end":{"line":68,"column":3}}},"16":{"name":"(anonymous_24)","decl":{"start":{"line":71,"column":19},"end":{"line":71,"column":26}},"loc":{"start":{"line":71,"column":56},"end":{"line":85,"column":null}}},"17":{"name":"(anonymous_25)","decl":{"start":{"line":71,"column":56},"end":{"line":71,"column":null}},"loc":{"start":{"line":71,"column":56},"end":{"line":85,"column":1}}},"18":{"name":"(anonymous_26)","decl":{"start":{"line":73,"column":46},"end":{"line":73,"column":47}},"loc":{"start":{"line":73,"column":59},"end":{"line":79,"column":3}}},"19":{"name":"(anonymous_27)","decl":{"start":{"line":79,"column":11},"end":{"line":79,"column":12}},"loc":{"start":{"line":79,"column":18},"end":{"line":84,"column":3}}}},"branchMap":{},"s":{"0":1,"1":1,"2":1,"3":0,"4":0,"5":0,"6":0,"7":0,"8":0,"9":1,"10":0,"11":0,"12":0,"13":0,"14":0,"15":0,"16":1,"17":0,"18":0,"19":0,"20":0,"21":0,"22":1,"23":0,"24":0,"25":0,"26":0,"27":0,"28":0,"29":1,"30":0,"31":0,"32":0,"33":0,"34":0,"35":0,"36":1},"f":{"0":0,"1":0,"2":0,"3":0,"4":0,"5":0,"6":0,"7":0,"8":0,"9":0,"10":0,"11":0,"12":0,"13":0,"14":0,"15":0,"16":0,"17":0,"18":0,"19":0},"b":{}}
,"C:\\xampp\\htdocs\\synrgy\\Project\\Challenge8\\api\\src\\controllers\\userControllers.ts": {"path":"C:\\xampp\\htdocs\\synrgy\\Project\\Challenge8\\api\\src\\controllers\\userControllers.ts","statementMap":{"0":{"start":{"line":2,"column":0},"end":{"line":2,"column":31}},"1":{"start":{"line":3,"column":0},"end":{"line":3,"column":44}},"2":{"start":{"line":5,"column":25},"end":{"line":5,"column":66}},"3":{"start":{"line":6,"column":23},"end":{"line":6,"column":62}},"4":{"start":{"line":14,"column":20},"end":{"line":16,"column":1}},"5":{"start":{"line":15,"column":4},"end":{"line":15,"column":null}},"6":{"start":{"line":19,"column":17},"end":{"line":34,"column":null}},"7":{"start":{"line":19,"column":54},"end":{"line":34,"column":null}},"8":{"start":{"line":20,"column":24},"end":{"line":20,"column":37}},"9":{"start":{"line":21,"column":18},"end":{"line":21,"column":32}},"10":{"start":{"line":22,"column":21},"end":{"line":22,"column":44}},"11":{"start":{"line":25,"column":30},"end":{"line":25,"column":61}},"12":{"start":{"line":28,"column":4},"end":{"line":28,"column":null}},"13":{"start":{"line":31,"column":4},"end":{"line":33,"column":null}},"14":{"start":{"line":37,"column":16},"end":{"line":76,"column":null}},"15":{"start":{"line":37,"column":53},"end":{"line":76,"column":null}},"16":{"start":{"line":38,"column":18},"end":{"line":38,"column":53}},"17":{"start":{"line":39,"column":21},"end":{"line":39,"column":44}},"18":{"start":{"line":42,"column":17},"end":{"line":42,"column":53}},"19":{"start":{"line":44,"column":4},"end":{"line":49,"column":null}},"20":{"start":{"line":45,"column":8},"end":{"line":48,"column":null}},"21":{"start":{"line":51,"column":28},"end":{"line":51,"column":72}},"22":{"start":{"line":53,"column":4},"end":{"line":58,"column":null}},"23":{"start":{"line":54,"column":8},"end":{"line":57,"column":null}},"24":{"start":{"line":60,"column":18},"end":{"line":64,"column":6}},"25":{"start":{"line":66,"column":4},"end":{"line":70,"column":null}},"26":{"start":{"line":80,"column":23},"end":{"line":93,"column":null}},"27":{"start":{"line":80,"column":60},"end":{"line":93,"column":null}},"28":{"start":{"line":81,"column":2},"end":{"line":92,"column":null}},"29":{"start":{"line":82,"column":24},"end":{"line":82,"column":49}},"30":{"start":{"line":83,"column":18},"end":{"line":83,"column":58}},"31":{"start":{"line":85,"column":4},"end":{"line":87,"column":null}},"32":{"start":{"line":89,"column":4},"end":{"line":91,"column":null}},"33":{"start":{"line":96,"column":18},"end":{"line":112,"column":null}},"34":{"start":{"line":96,"column":69},"end":{"line":112,"column":null}},"35":{"start":{"line":97,"column":4},"end":{"line":111,"column":null}},"36":{"start":{"line":98,"column":26},"end":{"line":98,"column":51}},"37":{"start":{"line":99,"column":20},"end":{"line":99,"column":60}},"38":{"start":{"line":100,"column":27},"end":{"line":100,"column":84}},"39":{"start":{"line":101,"column":6},"end":{"line":101,"column":null}},"40":{"start":{"line":104,"column":6},"end":{"line":104,"column":71}},"41":{"start":{"line":106,"column":6},"end":{"line":106,"column":null}},"42":{"start":{"line":108,"column":8},"end":{"line":110,"column":null}},"43":{"start":{"line":114,"column":21},"end":{"line":136,"column":null}},"44":{"start":{"line":114,"column":58},"end":{"line":136,"column":null}},"45":{"start":{"line":115,"column":2},"end":{"line":135,"column":null}},"46":{"start":{"line":116,"column":24},"end":{"line":116,"column":49}},"47":{"start":{"line":117,"column":18},"end":{"line":117,"column":58}},"48":{"start":{"line":118,"column":25},"end":{"line":118,"column":82}},"49":{"start":{"line":119,"column":4},"end":{"line":119,"column":null}},"50":{"start":{"line":122,"column":18},"end":{"line":122,"column":71}},"51":{"start":{"line":124,"column":4},"end":{"line":130,"column":null}},"52":{"start":{"line":126,"column":6},"end":{"line":126,"column":null}},"53":{"start":{"line":129,"column":6},"end":{"line":129,"column":null}},"54":{"start":{"line":132,"column":6},"end":{"line":134,"column":null}},"55":{"start":{"line":138,"column":16},"end":{"line":165,"column":null}},"56":{"start":{"line":138,"column":53},"end":{"line":165,"column":null}},"57":{"start":{"line":139,"column":2},"end":{"line":164,"column":null}},"58":{"start":{"line":140,"column":24},"end":{"line":140,"column":49}},"59":{"start":{"line":141,"column":18},"end":{"line":141,"column":58}},"60":{"start":{"line":142,"column":25},"end":{"line":142,"column":82}},"61":{"start":{"line":143,"column":4},"end":{"line":143,"column":null}},"62":{"start":{"line":144,"column":4},"end":{"line":144,"column":null}},"63":{"start":{"line":147,"column":18},"end":{"line":147,"column":71}},"64":{"start":{"line":148,"column":4},"end":{"line":148,"column":null}},"65":{"start":{"line":150,"column":4},"end":{"line":158,"column":null}},"66":{"start":{"line":151,"column":6},"end":{"line":151,"column":null}},"67":{"start":{"line":153,"column":6},"end":{"line":153,"column":null}},"68":{"start":{"line":156,"column":6},"end":{"line":156,"column":null}},"69":{"start":{"line":157,"column":6},"end":{"line":157,"column":null}},"70":{"start":{"line":160,"column":6},"end":{"line":160,"column":null}},"71":{"start":{"line":161,"column":6},"end":{"line":163,"column":null}},"72":{"start":{"line":167,"column":24},"end":{"line":180,"column":null}},"73":{"start":{"line":167,"column":61},"end":{"line":180,"column":null}},"74":{"start":{"line":168,"column":2},"end":{"line":179,"column":null}},"75":{"start":{"line":169,"column":4},"end":{"line":169,"column":null}},"76":{"start":{"line":170,"column":4},"end":{"line":173,"column":null}},"77":{"start":{"line":175,"column":4},"end":{"line":178,"column":null}},"78":{"start":{"line":183,"column":0},"end":{"line":191,"column":null}}},"fnMap":{"0":{"name":"(anonymous_8)","decl":{"start":{"line":14,"column":20},"end":{"line":14,"column":21}},"loc":{"start":{"line":14,"column":45},"end":{"line":16,"column":1}}},"1":{"name":"(anonymous_9)","decl":{"start":{"line":19,"column":17},"end":{"line":19,"column":24}},"loc":{"start":{"line":19,"column":54},"end":{"line":34,"column":null}}},"2":{"name":"(anonymous_10)","decl":{"start":{"line":19,"column":54},"end":{"line":19,"column":null}},"loc":{"start":{"line":19,"column":54},"end":{"line":34,"column":1}}},"3":{"name":"(anonymous_11)","decl":{"start":{"line":37,"column":16},"end":{"line":37,"column":23}},"loc":{"start":{"line":37,"column":53},"end":{"line":76,"column":null}}},"4":{"name":"(anonymous_12)","decl":{"start":{"line":37,"column":53},"end":{"line":37,"column":null}},"loc":{"start":{"line":37,"column":53},"end":{"line":76,"column":1}}},"5":{"name":"(anonymous_13)","decl":{"start":{"line":80,"column":23},"end":{"line":80,"column":30}},"loc":{"start":{"line":80,"column":60},"end":{"line":93,"column":null}}},"6":{"name":"(anonymous_14)","decl":{"start":{"line":80,"column":60},"end":{"line":80,"column":null}},"loc":{"start":{"line":80,"column":60},"end":{"line":93,"column":1}}},"7":{"name":"(anonymous_15)","decl":{"start":{"line":96,"column":18},"end":{"line":96,"column":25}},"loc":{"start":{"line":96,"column":69},"end":{"line":112,"column":null}}},"8":{"name":"(anonymous_16)","decl":{"start":{"line":96,"column":69},"end":{"line":96,"column":null}},"loc":{"start":{"line":96,"column":69},"end":{"line":112,"column":1}}},"9":{"name":"(anonymous_17)","decl":{"start":{"line":114,"column":21},"end":{"line":114,"column":28}},"loc":{"start":{"line":114,"column":58},"end":{"line":136,"column":null}}},"10":{"name":"(anonymous_18)","decl":{"start":{"line":114,"column":58},"end":{"line":114,"column":null}},"loc":{"start":{"line":114,"column":58},"end":{"line":136,"column":1}}},"11":{"name":"(anonymous_19)","decl":{"start":{"line":138,"column":16},"end":{"line":138,"column":23}},"loc":{"start":{"line":138,"column":53},"end":{"line":165,"column":null}}},"12":{"name":"(anonymous_20)","decl":{"start":{"line":138,"column":53},"end":{"line":138,"column":null}},"loc":{"start":{"line":138,"column":53},"end":{"line":165,"column":1}}},"13":{"name":"(anonymous_21)","decl":{"start":{"line":167,"column":24},"end":{"line":167,"column":31}},"loc":{"start":{"line":167,"column":61},"end":{"line":180,"column":null}}},"14":{"name":"(anonymous_22)","decl":{"start":{"line":167,"column":61},"end":{"line":167,"column":null}},"loc":{"start":{"line":167,"column":61},"end":{"line":180,"column":1}}},"15":{"name":"(anonymous_23)","decl":{"start":{"line":168,"column":54},"end":{"line":168,"column":55}},"loc":{"start":{"line":168,"column":67},"end":{"line":174,"column":3}}},"16":{"name":"(anonymous_24)","decl":{"start":{"line":174,"column":11},"end":{"line":174,"column":12}},"loc":{"start":{"line":174,"column":18},"end":{"line":179,"column":3}}}},"branchMap":{"0":{"loc":{"start":{"line":15,"column":29},"end":{"line":15,"column":67}},"type":"binary-expr","locations":[{"start":{"line":15,"column":29},"end":{"line":15,"column":54}},{"start":{"line":15,"column":58},"end":{"line":15,"column":67}}]},"1":{"loc":{"start":{"line":22,"column":21},"end":{"line":22,"column":44}},"type":"binary-expr","locations":[{"start":{"line":22,"column":21},"end":{"line":22,"column":38}},{"start":{"line":22,"column":42},"end":{"line":22,"column":44}}]},"2":{"loc":{"start":{"line":39,"column":21},"end":{"line":39,"column":44}},"type":"binary-expr","locations":[{"start":{"line":39,"column":21},"end":{"line":39,"column":38}},{"start":{"line":39,"column":42},"end":{"line":39,"column":44}}]},"3":{"loc":{"start":{"line":44,"column":4},"end":{"line":49,"column":null}},"type":"if","locations":[{"start":{"line":44,"column":4},"end":{"line":49,"column":null}}]},"4":{"loc":{"start":{"line":53,"column":4},"end":{"line":58,"column":null}},"type":"if","locations":[{"start":{"line":53,"column":4},"end":{"line":58,"column":null}}]},"5":{"loc":{"start":{"line":83,"column":18},"end":{"line":83,"column":58}},"type":"binary-expr","locations":[{"start":{"line":83,"column":18},"end":{"line":83,"column":52}},{"start":{"line":83,"column":56},"end":{"line":83,"column":58}}]},"6":{"loc":{"start":{"line":83,"column":18},"end":{"line":83,"column":52}},"type":"cond-expr","locations":[{"start":{"line":83,"column":47},"end":{"line":83,"column":50}},{"start":{"line":83,"column":47},"end":{"line":83,"column":52}}]},"7":{"loc":{"start":{"line":83,"column":18},"end":{"line":83,"column":50}},"type":"binary-expr","locations":[{"start":{"line":83,"column":18},"end":{"line":83,"column":50}},{"start":{"line":83,"column":47},"end":{"line":83,"column":50}}]},"8":{"loc":{"start":{"line":83,"column":18},"end":{"line":83,"column":47}},"type":"cond-expr","locations":[{"start":{"line":83,"column":29},"end":{"line":83,"column":31}},{"start":{"line":83,"column":18},"end":{"line":83,"column":47}}]},"9":{"loc":{"start":{"line":83,"column":18},"end":{"line":83,"column":31}},"type":"binary-expr","locations":[{"start":{"line":83,"column":18},"end":{"line":83,"column":31}},{"start":{"line":83,"column":18},"end":{"line":83,"column":31}}]},"10":{"loc":{"start":{"line":99,"column":20},"end":{"line":99,"column":60}},"type":"binary-expr","locations":[{"start":{"line":99,"column":20},"end":{"line":99,"column":54}},{"start":{"line":99,"column":58},"end":{"line":99,"column":60}}]},"11":{"loc":{"start":{"line":99,"column":20},"end":{"line":99,"column":54}},"type":"cond-expr","locations":[{"start":{"line":99,"column":49},"end":{"line":99,"column":52}},{"start":{"line":99,"column":49},"end":{"line":99,"column":54}}]},"12":{"loc":{"start":{"line":99,"column":20},"end":{"line":99,"column":52}},"type":"binary-expr","locations":[{"start":{"line":99,"column":20},"end":{"line":99,"column":52}},{"start":{"line":99,"column":49},"end":{"line":99,"column":52}}]},"13":{"loc":{"start":{"line":99,"column":20},"end":{"line":99,"column":49}},"type":"cond-expr","locations":[{"start":{"line":99,"column":31},"end":{"line":99,"column":33}},{"start":{"line":99,"column":20},"end":{"line":99,"column":49}}]},"14":{"loc":{"start":{"line":99,"column":20},"end":{"line":99,"column":33}},"type":"binary-expr","locations":[{"start":{"line":99,"column":20},"end":{"line":99,"column":33}},{"start":{"line":99,"column":20},"end":{"line":99,"column":33}}]},"15":{"loc":{"start":{"line":100,"column":45},"end":{"line":100,"column":83}},"type":"binary-expr","locations":[{"start":{"line":100,"column":45},"end":{"line":100,"column":70}},{"start":{"line":100,"column":74},"end":{"line":100,"column":83}}]},"16":{"loc":{"start":{"line":117,"column":18},"end":{"line":117,"column":58}},"type":"binary-expr","locations":[{"start":{"line":117,"column":18},"end":{"line":117,"column":52}},{"start":{"line":117,"column":56},"end":{"line":117,"column":58}}]},"17":{"loc":{"start":{"line":117,"column":18},"end":{"line":117,"column":52}},"type":"cond-expr","locations":[{"start":{"line":117,"column":47},"end":{"line":117,"column":50}},{"start":{"line":117,"column":47},"end":{"line":117,"column":52}}]},"18":{"loc":{"start":{"line":117,"column":18},"end":{"line":117,"column":50}},"type":"binary-expr","locations":[{"start":{"line":117,"column":18},"end":{"line":117,"column":50}},{"start":{"line":117,"column":47},"end":{"line":117,"column":50}}]},"19":{"loc":{"start":{"line":117,"column":18},"end":{"line":117,"column":47}},"type":"cond-expr","locations":[{"start":{"line":117,"column":29},"end":{"line":117,"column":31}},{"start":{"line":117,"column":18},"end":{"line":117,"column":47}}]},"20":{"loc":{"start":{"line":117,"column":18},"end":{"line":117,"column":31}},"type":"binary-expr","locations":[{"start":{"line":117,"column":18},"end":{"line":117,"column":31}},{"start":{"line":117,"column":18},"end":{"line":117,"column":31}}]},"21":{"loc":{"start":{"line":118,"column":43},"end":{"line":118,"column":81}},"type":"binary-expr","locations":[{"start":{"line":118,"column":43},"end":{"line":118,"column":68}},{"start":{"line":118,"column":72},"end":{"line":118,"column":81}}]},"22":{"loc":{"start":{"line":124,"column":4},"end":{"line":130,"column":null}},"type":"if","locations":[{"start":{"line":124,"column":4},"end":{"line":130,"column":null}},{"start":{"line":128,"column":9},"end":{"line":130,"column":null}}]},"23":{"loc":{"start":{"line":124,"column":7},"end":{"line":124,"column":18}},"type":"cond-expr","locations":[{"start":{"line":124,"column":12},"end":{"line":124,"column":14}},{"start":{"line":124,"column":7},"end":{"line":124,"column":18}}]},"24":{"loc":{"start":{"line":124,"column":7},"end":{"line":124,"column":14}},"type":"binary-expr","locations":[{"start":{"line":124,"column":7},"end":{"line":124,"column":14}},{"start":{"line":124,"column":7},"end":{"line":124,"column":14}}]},"25":{"loc":{"start":{"line":141,"column":18},"end":{"line":141,"column":58}},"type":"binary-expr","locations":[{"start":{"line":141,"column":18},"end":{"line":141,"column":52}},{"start":{"line":141,"column":56},"end":{"line":141,"column":58}}]},"26":{"loc":{"start":{"line":141,"column":18},"end":{"line":141,"column":52}},"type":"cond-expr","locations":[{"start":{"line":141,"column":47},"end":{"line":141,"column":50}},{"start":{"line":141,"column":47},"end":{"line":141,"column":52}}]},"27":{"loc":{"start":{"line":141,"column":18},"end":{"line":141,"column":50}},"type":"binary-expr","locations":[{"start":{"line":141,"column":18},"end":{"line":141,"column":50}},{"start":{"line":141,"column":47},"end":{"line":141,"column":50}}]},"28":{"loc":{"start":{"line":141,"column":18},"end":{"line":141,"column":47}},"type":"cond-expr","locations":[{"start":{"line":141,"column":29},"end":{"line":141,"column":31}},{"start":{"line":141,"column":18},"end":{"line":141,"column":47}}]},"29":{"loc":{"start":{"line":141,"column":18},"end":{"line":141,"column":31}},"type":"binary-expr","locations":[{"start":{"line":141,"column":18},"end":{"line":141,"column":31}},{"start":{"line":141,"column":18},"end":{"line":141,"column":31}}]},"30":{"loc":{"start":{"line":142,"column":43},"end":{"line":142,"column":81}},"type":"binary-expr","locations":[{"start":{"line":142,"column":43},"end":{"line":142,"column":68}},{"start":{"line":142,"column":72},"end":{"line":142,"column":81}}]},"31":{"loc":{"start":{"line":148,"column":16},"end":{"line":148,"column":27}},"type":"cond-expr","locations":[{"start":{"line":148,"column":21},"end":{"line":148,"column":23}},{"start":{"line":148,"column":16},"end":{"line":148,"column":27}}]},"32":{"loc":{"start":{"line":148,"column":16},"end":{"line":148,"column":23}},"type":"binary-expr","locations":[{"start":{"line":148,"column":16},"end":{"line":148,"column":23}},{"start":{"line":148,"column":16},"end":{"line":148,"column":23}}]},"33":{"loc":{"start":{"line":150,"column":4},"end":{"line":158,"column":null}},"type":"if","locations":[{"start":{"line":150,"column":4},"end":{"line":158,"column":null}},{"start":{"line":155,"column":9},"end":{"line":158,"column":null}}]},"34":{"loc":{"start":{"line":150,"column":7},"end":{"line":150,"column":48}},"type":"binary-expr","locations":[{"start":{"line":150,"column":7},"end":{"line":150,"column":26}},{"start":{"line":150,"column":30},"end":{"line":150,"column":48}}]},"35":{"loc":{"start":{"line":150,"column":7},"end":{"line":150,"column":18}},"type":"cond-expr","locations":[{"start":{"line":150,"column":12},"end":{"line":150,"column":14}},{"start":{"line":150,"column":7},"end":{"line":150,"column":18}}]},"36":{"loc":{"start":{"line":150,"column":7},"end":{"line":150,"column":14}},"type":"binary-expr","locations":[{"start":{"line":150,"column":7},"end":{"line":150,"column":14}},{"start":{"line":150,"column":7},"end":{"line":150,"column":14}}]},"37":{"loc":{"start":{"line":150,"column":30},"end":{"line":150,"column":41}},"type":"cond-expr","locations":[{"start":{"line":150,"column":35},"end":{"line":150,"column":37}},{"start":{"line":150,"column":30},"end":{"line":150,"column":41}}]},"38":{"loc":{"start":{"line":150,"column":30},"end":{"line":150,"column":37}},"type":"binary-expr","locations":[{"start":{"line":150,"column":30},"end":{"line":150,"column":37}},{"start":{"line":150,"column":30},"end":{"line":150,"column":37}}]}},"s":{"0":1,"1":1,"2":1,"3":1,"4":1,"5":1,"6":1,"7":0,"8":0,"9":0,"10":0,"11":0,"12":0,"13":0,"14":1,"15":1,"16":1,"17":1,"18":1,"19":1,"20":0,"21":1,"22":1,"23":0,"24":1,"25":1,"26":1,"27":0,"28":0,"29":0,"30":0,"31":0,"32":0,"33":1,"34":0,"35":0,"36":0,"37":0,"38":0,"39":0,"40":0,"41":0,"42":0,"43":1,"44":0,"45":0,"46":0,"47":0,"48":0,"49":0,"50":0,"51":0,"52":0,"53":0,"54":0,"55":1,"56":5,"57":5,"58":5,"59":5,"60":5,"61":5,"62":5,"63":5,"64":5,"65":5,"66":5,"67":5,"68":0,"69":0,"70":5,"71":5,"72":1,"73":0,"74":0,"75":0,"76":0,"77":0,"78":1},"f":{"0":1,"1":0,"2":0,"3":1,"4":1,"5":0,"6":0,"7":0,"8":0,"9":0,"10":0,"11":5,"12":5,"13":0,"14":0,"15":0,"16":0},"b":{"0":[1,1],"1":[0,0],"2":[1,0],"3":[0],"4":[0],"5":[0,0],"6":[0,0],"7":[0,0],"8":[0,0],"9":[0,0],"10":[0,0],"11":[0,0],"12":[0,0],"13":[0,0],"14":[0,0],"15":[0,0],"16":[0,0],"17":[0,0],"18":[0,0],"19":[0,0],"20":[0,0],"21":[0,0],"22":[0,0],"23":[0,0],"24":[0,0],"25":[5,0],"26":[0,5],"27":[5,5],"28":[0,5],"29":[5,5],"30":[5,5],"31":[0,5],"32":[5,5],"33":[5,0],"34":[5,5],"35":[0,5],"36":[5,5],"37":[0,5],"38":[5,5]}}
,"C:\\xampp\\htdocs\\synrgy\\Project\\Challenge8\\api\\src\\middleware\\handlerLogger.ts": {"path":"C:\\xampp\\htdocs\\synrgy\\Project\\Challenge8\\api\\src\\middleware\\handlerLogger.ts","statementMap":{"0":{"start":{"line":3,"column":21},"end":{"line":6,"column":1}},"1":{"start":{"line":4,"column":2},"end":{"line":4,"column":null}},"2":{"start":{"line":5,"column":2},"end":{"line":5,"column":9}},"3":{"start":{"line":8,"column":0},"end":{"line":8,"column":30}}},"fnMap":{"0":{"name":"(anonymous_0)","decl":{"start":{"line":3,"column":21},"end":{"line":3,"column":22}},"loc":{"start":{"line":3,"column":70},"end":{"line":6,"column":1}}}},"branchMap":{},"s":{"0":1,"1":0,"2":0,"3":1},"f":{"0":0},"b":{}}
,"C:\\xampp\\htdocs\\synrgy\\Project\\Challenge8\\api\\src\\middleware\\isAdmin.ts": {"path":"C:\\xampp\\htdocs\\synrgy\\Project\\Challenge8\\api\\src\\middleware\\isAdmin.ts","statementMap":{"0":{"start":{"line":3,"column":16},"end":{"line":14,"column":1}},"1":{"start":{"line":4,"column":2},"end":{"line":4,"column":null}},"2":{"start":{"line":5,"column":2},"end":{"line":8,"column":null}},"3":{"start":{"line":6,"column":6},"end":{"line":6,"column":13}},"4":{"start":{"line":7,"column":6},"end":{"line":7,"column":13}},"5":{"start":{"line":10,"column":2},"end":{"line":13,"column":null}},"6":{"start":{"line":17,"column":0},"end":{"line":17,"column":null}}},"fnMap":{"0":{"name":"(anonymous_0)","decl":{"start":{"line":3,"column":16},"end":{"line":3,"column":17}},"loc":{"start":{"line":3,"column":65},"end":{"line":14,"column":1}}}},"branchMap":{"0":{"loc":{"start":{"line":5,"column":2},"end":{"line":8,"column":null}},"type":"if","locations":[{"start":{"line":5,"column":2},"end":{"line":8,"column":null}}]}},"s":{"0":1,"1":0,"2":0,"3":0,"4":0,"5":0,"6":1},"f":{"0":0},"b":{"0":[0]}}
,"C:\\xampp\\htdocs\\synrgy\\Project\\Challenge8\\api\\src\\middleware\\upload.ts": {"path":"C:\\xampp\\htdocs\\synrgy\\Project\\Challenge8\\api\\src\\middleware\\upload.ts","statementMap":{"0":{"start":{"line":1,"column":15},"end":{"line":1,"column":32}},"1":{"start":{"line":7,"column":16},"end":{"line":7,"column":38}},"2":{"start":{"line":10,"column":0},"end":{"line":10,"column":35}}},"fnMap":{},"branchMap":{},"s":{"0":1,"1":1,"2":1},"f":{},"b":{}}
,"C:\\xampp\\htdocs\\synrgy\\Project\\Challenge8\\api\\src\\models\\Cars.ts": {"path":"C:\\xampp\\htdocs\\synrgy\\Project\\Challenge8\\api\\src\\models\\Cars.ts","statementMap":{"0":{"start":{"line":1,"column":0},"end":{"line":1,"column":45}},"1":{"start":{"line":18,"column":8},"end":{"line":18,"column":22}},"2":{"start":{"line":3,"column":0},"end":{"line":3,"column":13}}},"fnMap":{"0":{"name":"(anonymous_0)","decl":{"start":{"line":17,"column":4},"end":{"line":17,"column":10}},"loc":{"start":{"line":17,"column":24},"end":{"line":19,"column":5}}}},"branchMap":{},"s":{"0":1,"1":0,"2":1},"f":{"0":0},"b":{}}
,"C:\\xampp\\htdocs\\synrgy\\Project\\Challenge8\\api\\src\\models\\Users.ts": {"path":"C:\\xampp\\htdocs\\synrgy\\Project\\Challenge8\\api\\src\\models\\Users.ts","statementMap":{"0":{"start":{"line":1,"column":0},"end":{"line":1,"column":45}},"1":{"start":{"line":11,"column":8},"end":{"line":11,"column":null}},"2":{"start":{"line":3,"column":0},"end":{"line":3,"column":13}}},"fnMap":{"0":{"name":"(anonymous_0)","decl":{"start":{"line":10,"column":4},"end":{"line":10,"column":10}},"loc":{"start":{"line":10,"column":24},"end":{"line":12,"column":5}}}},"branchMap":{},"s":{"0":1,"1":18,"2":1},"f":{"0":18},"b":{}}
,"C:\\xampp\\htdocs\\synrgy\\Project\\Challenge8\\api\\src\\repositories\\cars.ts": {"path":"C:\\xampp\\htdocs\\synrgy\\Project\\Challenge8\\api\\src\\repositories\\cars.ts","statementMap":{"0":{"start":{"line":1,"column":0},"end":{"line":1,"column":43}},"1":{"start":{"line":2,"column":19},"end":{"line":2,"column":43}},"2":{"start":{"line":7,"column":0},"end":{"line":11,"column":3}},"3":{"start":{"line":15,"column":4},"end":{"line":15,"column":41}},"4":{"start":{"line":19,"column":24},"end":{"line":19,"column":32}},"5":{"start":{"line":23,"column":24},"end":{"line":23,"column":37}},"6":{"start":{"line":24,"column":24},"end":{"line":24,"column":37}},"7":{"start":{"line":25,"column":25},"end":{"line":25,"column":47}},"8":{"start":{"line":27,"column":23},"end":{"line":27,"column":25}},"9":{"start":{"line":29,"column":31},"end":{"line":29,"column":65}},"10":{"start":{"line":31,"column":25},"end":{"line":31,"column":73}},"11":{"start":{"line":33,"column":4},"end":{"line":39,"column":null}},"12":{"start":{"line":34,"column":8},"end":{"line":36,"column":null}},"13":{"start":{"line":35,"column":12},"end":{"line":35,"column":null}},"14":{"start":{"line":38,"column":8},"end":{"line":38,"column":null}},"15":{"start":{"line":41,"column":28},"end":{"line":41,"column":47}},"16":{"start":{"line":42,"column":29},"end":{"line":42,"column":59}},"17":{"start":{"line":43,"column":28},"end":{"line":43,"column":57}},"18":{"start":{"line":44,"column":28},"end":{"line":44,"column":57}},"19":{"start":{"line":45,"column":35},"end":{"line":45,"column":42}},"20":{"start":{"line":47,"column":4},"end":{"line":47,"column":151}},"21":{"start":{"line":51,"column":22},"end":{"line":51,"column":43}},"22":{"start":{"line":52,"column":4},"end":{"line":52,"column":null}},"23":{"start":{"line":56,"column":22},"end":{"line":56,"column":32}},"24":{"start":{"line":57,"column":22},"end":{"line":57,"column":41}},"25":{"start":{"line":58,"column":35},"end":{"line":58,"column":42}},"26":{"start":{"line":60,"column":4},"end":{"line":60,"column":57}},"27":{"start":{"line":64,"column":20},"end":{"line":64,"column":28}},"28":{"start":{"line":65,"column":22},"end":{"line":65,"column":32}},"29":{"start":{"line":67,"column":22},"end":{"line":67,"column":41}},"30":{"start":{"line":69,"column":24},"end":{"line":69,"column":37}},"31":{"start":{"line":70,"column":24},"end":{"line":70,"column":37}},"32":{"start":{"line":71,"column":25},"end":{"line":71,"column":39}},"33":{"start":{"line":72,"column":35},"end":{"line":72,"column":42}},"34":{"start":{"line":74,"column":23},"end":{"line":74,"column":25}},"35":{"start":{"line":76,"column":31},"end":{"line":76,"column":65}},"36":{"start":{"line":78,"column":25},"end":{"line":78,"column":73}},"37":{"start":{"line":80,"column":4},"end":{"line":86,"column":null}},"38":{"start":{"line":81,"column":8},"end":{"line":83,"column":null}},"39":{"start":{"line":82,"column":12},"end":{"line":82,"column":null}},"40":{"start":{"line":85,"column":8},"end":{"line":85,"column":null}},"41":{"start":{"line":88,"column":28},"end":{"line":88,"column":47}},"42":{"start":{"line":89,"column":29},"end":{"line":89,"column":49}},"43":{"start":{"line":90,"column":28},"end":{"line":90,"column":47}},"44":{"start":{"line":91,"column":28},"end":{"line":91,"column":47}},"45":{"start":{"line":92,"column":4},"end":{"line":92,"column":null}},"46":{"start":{"line":13,"column":0},"end":{"line":13,"column":21}}},"fnMap":{"0":{"name":"(anonymous_7)","decl":{"start":{"line":14,"column":8},"end":{"line":14,"column":14}},"loc":{"start":{"line":14,"column":14},"end":{"line":16,"column":null}}},"1":{"name":"(anonymous_9)","decl":{"start":{"line":18,"column":8},"end":{"line":18,"column":12}},"loc":{"start":{"line":18,"column":42},"end":{"line":48,"column":null}}},"2":{"name":"(anonymous_11)","decl":{"start":{"line":33,"column":43},"end":{"line":33,"column":44}},"loc":{"start":{"line":33,"column":68},"end":{"line":39,"column":5}}},"3":{"name":"(anonymous_12)","decl":{"start":{"line":50,"column":8},"end":{"line":50,"column":15}},"loc":{"start":{"line":50,"column":28},"end":{"line":53,"column":null}}},"4":{"name":"(anonymous_14)","decl":{"start":{"line":55,"column":8},"end":{"line":55,"column":18}},"loc":{"start":{"line":55,"column":48},"end":{"line":61,"column":null}}},"5":{"name":"(anonymous_16)","decl":{"start":{"line":63,"column":8},"end":{"line":63,"column":18}},"loc":{"start":{"line":63,"column":47},"end":{"line":93,"column":null}}},"6":{"name":"(anonymous_18)","decl":{"start":{"line":80,"column":43},"end":{"line":80,"column":44}},"loc":{"start":{"line":80,"column":68},"end":{"line":86,"column":5}}}},"branchMap":{"0":{"loc":{"start":{"line":15,"column":11},"end":{"line":15,"column":40}},"type":"binary-expr","locations":[{"start":{"line":15,"column":11},"end":{"line":15,"column":34}},{"start":{"line":15,"column":38},"end":{"line":15,"column":40}}]},"1":{"loc":{"start":{"line":23,"column":24},"end":{"line":23,"column":37}},"type":"cond-expr","locations":[{"start":{"line":23,"column":31},"end":{"line":23,"column":33}},{"start":{"line":23,"column":24},"end":{"line":23,"column":37}}]},"2":{"loc":{"start":{"line":23,"column":24},"end":{"line":23,"column":33}},"type":"binary-expr","locations":[{"start":{"line":23,"column":24},"end":{"line":23,"column":33}},{"start":{"line":23,"column":24},"end":{"line":23,"column":33}}]},"3":{"loc":{"start":{"line":24,"column":24},"end":{"line":24,"column":37}},"type":"cond-expr","locations":[{"start":{"line":24,"column":31},"end":{"line":24,"column":33}},{"start":{"line":24,"column":24},"end":{"line":24,"column":37}}]},"4":{"loc":{"start":{"line":24,"column":24},"end":{"line":24,"column":33}},"type":"binary-expr","locations":[{"start":{"line":24,"column":24},"end":{"line":24,"column":33}},{"start":{"line":24,"column":24},"end":{"line":24,"column":33}}]},"5":{"loc":{"start":{"line":25,"column":32},"end":{"line":25,"column":46}},"type":"cond-expr","locations":[{"start":{"line":25,"column":39},"end":{"line":25,"column":41}},{"start":{"line":25,"column":32},"end":{"line":25,"column":46}}]},"6":{"loc":{"start":{"line":25,"column":32},"end":{"line":25,"column":41}},"type":"binary-expr","locations":[{"start":{"line":25,"column":32},"end":{"line":25,"column":41}},{"start":{"line":25,"column":32},"end":{"line":25,"column":41}}]},"7":{"loc":{"start":{"line":34,"column":8},"end":{"line":36,"column":null}},"type":"if","locations":[{"start":{"line":34,"column":8},"end":{"line":36,"column":null}}]},"8":{"loc":{"start":{"line":41,"column":28},"end":{"line":41,"column":47}},"type":"cond-expr","locations":[{"start":{"line":41,"column":35},"end":{"line":41,"column":37}},{"start":{"line":41,"column":28},"end":{"line":41,"column":47}}]},"9":{"loc":{"start":{"line":41,"column":28},"end":{"line":41,"column":37}},"type":"binary-expr","locations":[{"start":{"line":41,"column":28},"end":{"line":41,"column":37}},{"start":{"line":41,"column":28},"end":{"line":41,"column":37}}]},"10":{"loc":{"start":{"line":42,"column":38},"end":{"line":42,"column":58}},"type":"cond-expr","locations":[{"start":{"line":42,"column":45},"end":{"line":42,"column":47}},{"start":{"line":42,"column":38},"end":{"line":42,"column":58}}]},"11":{"loc":{"start":{"line":42,"column":38},"end":{"line":42,"column":47}},"type":"binary-expr","locations":[{"start":{"line":42,"column":38},"end":{"line":42,"column":47}},{"start":{"line":42,"column":38},"end":{"line":42,"column":47}}]},"12":{"loc":{"start":{"line":43,"column":37},"end":{"line":43,"column":56}},"type":"cond-expr","locations":[{"start":{"line":43,"column":44},"end":{"line":43,"column":46}},{"start":{"line":43,"column":37},"end":{"line":43,"column":56}}]},"13":{"loc":{"start":{"line":43,"column":37},"end":{"line":43,"column":46}},"type":"binary-expr","locations":[{"start":{"line":43,"column":37},"end":{"line":43,"column":46}},{"start":{"line":43,"column":37},"end":{"line":43,"column":46}}]},"14":{"loc":{"start":{"line":44,"column":37},"end":{"line":44,"column":56}},"type":"cond-expr","locations":[{"start":{"line":44,"column":44},"end":{"line":44,"column":46}},{"start":{"line":44,"column":37},"end":{"line":44,"column":56}}]},"15":{"loc":{"start":{"line":44,"column":37},"end":{"line":44,"column":46}},"type":"binary-expr","locations":[{"start":{"line":44,"column":37},"end":{"line":44,"column":46}},{"start":{"line":44,"column":37},"end":{"line":44,"column":46}}]},"16":{"loc":{"start":{"line":69,"column":24},"end":{"line":69,"column":37}},"type":"cond-expr","locations":[{"start":{"line":69,"column":31},"end":{"line":69,"column":33}},{"start":{"line":69,"column":24},"end":{"line":69,"column":37}}]},"17":{"loc":{"start":{"line":69,"column":24},"end":{"line":69,"column":33}},"type":"binary-expr","locations":[{"start":{"line":69,"column":24},"end":{"line":69,"column":33}},{"start":{"line":69,"column":24},"end":{"line":69,"column":33}}]},"18":{"loc":{"start":{"line":70,"column":24},"end":{"line":70,"column":37}},"type":"cond-expr","locations":[{"start":{"line":70,"column":31},"end":{"line":70,"column":33}},{"start":{"line":70,"column":24},"end":{"line":70,"column":37}}]},"19":{"loc":{"start":{"line":70,"column":24},"end":{"line":70,"column":33}},"type":"binary-expr","locations":[{"start":{"line":70,"column":24},"end":{"line":70,"column":33}},{"start":{"line":70,"column":24},"end":{"line":70,"column":33}}]},"20":{"loc":{"start":{"line":71,"column":25},"end":{"line":71,"column":39}},"type":"cond-expr","locations":[{"start":{"line":71,"column":32},"end":{"line":71,"column":34}},{"start":{"line":71,"column":25},"end":{"line":71,"column":39}}]},"21":{"loc":{"start":{"line":71,"column":25},"end":{"line":71,"column":34}},"type":"binary-expr","locations":[{"start":{"line":71,"column":25},"end":{"line":71,"column":34}},{"start":{"line":71,"column":25},"end":{"line":71,"column":34}}]},"22":{"loc":{"start":{"line":81,"column":8},"end":{"line":83,"column":null}},"type":"if","locations":[{"start":{"line":81,"column":8},"end":{"line":83,"column":null}}]},"23":{"loc":{"start":{"line":88,"column":28},"end":{"line":88,"column":47}},"type":"cond-expr","locations":[{"start":{"line":88,"column":35},"end":{"line":88,"column":37}},{"start":{"line":88,"column":28},"end":{"line":88,"column":47}}]},"24":{"loc":{"start":{"line":88,"column":28},"end":{"line":88,"column":37}},"type":"binary-expr","locations":[{"start":{"line":88,"column":28},"end":{"line":88,"column":37}},{"start":{"line":88,"column":28},"end":{"line":88,"column":37}}]},"25":{"loc":{"start":{"line":89,"column":29},"end":{"line":89,"column":49}},"type":"cond-expr","locations":[{"start":{"line":89,"column":36},"end":{"line":89,"column":38}},{"start":{"line":89,"column":29},"end":{"line":89,"column":49}}]},"26":{"loc":{"start":{"line":89,"column":29},"end":{"line":89,"column":38}},"type":"binary-expr","locations":[{"start":{"line":89,"column":29},"end":{"line":89,"column":38}},{"start":{"line":89,"column":29},"end":{"line":89,"column":38}}]},"27":{"loc":{"start":{"line":90,"column":28},"end":{"line":90,"column":47}},"type":"cond-expr","locations":[{"start":{"line":90,"column":35},"end":{"line":90,"column":37}},{"start":{"line":90,"column":28},"end":{"line":90,"column":47}}]},"28":{"loc":{"start":{"line":90,"column":28},"end":{"line":90,"column":37}},"type":"binary-expr","locations":[{"start":{"line":90,"column":28},"end":{"line":90,"column":37}},{"start":{"line":90,"column":28},"end":{"line":90,"column":37}}]},"29":{"loc":{"start":{"line":91,"column":28},"end":{"line":91,"column":47}},"type":"cond-expr","locations":[{"start":{"line":91,"column":35},"end":{"line":91,"column":37}},{"start":{"line":91,"column":28},"end":{"line":91,"column":47}}]},"30":{"loc":{"start":{"line":91,"column":28},"end":{"line":91,"column":37}},"type":"binary-expr","locations":[{"start":{"line":91,"column":28},"end":{"line":91,"column":37}},{"start":{"line":91,"column":28},"end":{"line":91,"column":37}}]}},"s":{"0":1,"1":1,"2":1,"3":0,"4":0,"5":0,"6":0,"7":0,"8":0,"9":0,"10":0,"11":0,"12":0,"13":0,"14":0,"15":0,"16":0,"17":0,"18":0,"19":0,"20":0,"21":0,"22":0,"23":0,"24":0,"25":0,"26":0,"27":0,"28":0,"29":0,"30":0,"31":0,"32":0,"33":0,"34":0,"35":0,"36":0,"37":0,"38":0,"39":0,"40":0,"41":0,"42":0,"43":0,"44":0,"45":0,"46":1},"f":{"0":0,"1":0,"2":0,"3":0,"4":0,"5":0,"6":0},"b":{"0":[0,0],"1":[0,0],"2":[0,0],"3":[0,0],"4":[0,0],"5":[0,0],"6":[0,0],"7":[0],"8":[0,0],"9":[0,0],"10":[0,0],"11":[0,0],"12":[0,0],"13":[0,0],"14":[0,0],"15":[0,0],"16":[0,0],"17":[0,0],"18":[0,0],"19":[0,0],"20":[0,0],"21":[0,0],"22":[0],"23":[0,0],"24":[0,0],"25":[0,0],"26":[0,0],"27":[0,0],"28":[0,0],"29":[0,0],"30":[0,0]}}
,"C:\\xampp\\htdocs\\synrgy\\Project\\Challenge8\\api\\src\\repositories\\users.ts": {"path":"C:\\xampp\\htdocs\\synrgy\\Project\\Challenge8\\api\\src\\repositories\\users.ts","statementMap":{"0":{"start":{"line":1,"column":0},"end":{"line":1,"column":44}},"1":{"start":{"line":11,"column":21},"end":{"line":11,"column":31}},"2":{"start":{"line":12,"column":23},"end":{"line":12,"column":34}},"3":{"start":{"line":13,"column":26},"end":{"line":13,"column":40}},"4":{"start":{"line":14,"column":21},"end":{"line":14,"column":24}},"5":{"start":{"line":16,"column":8},"end":{"line":16,"column":92}},"6":{"start":{"line":20,"column":23},"end":{"line":20,"column":34}},"7":{"start":{"line":21,"column":26},"end":{"line":21,"column":40}},"8":{"start":{"line":22,"column":21},"end":{"line":22,"column":24}},"9":{"start":{"line":24,"column":8},"end":{"line":24,"column":86}},"10":{"start":{"line":30,"column":8},"end":{"line":32,"column":26}},"11":{"start":{"line":37,"column":8},"end":{"line":37,"column":null}},"12":{"start":{"line":38,"column":8},"end":{"line":38,"column":null}},"13":{"start":{"line":42,"column":8},"end":{"line":42,"column":null}},"14":{"start":{"line":43,"column":26},"end":{"line":43,"column":39}},"15":{"start":{"line":44,"column":21},"end":{"line":44,"column":24}},"16":{"start":{"line":45,"column":8},"end":{"line":45,"column":null}},"17":{"start":{"line":9,"column":0},"end":{"line":9,"column":21}}},"fnMap":{"0":{"name":"(anonymous_7)","decl":{"start":{"line":10,"column":10},"end":{"line":10,"column":14}},"loc":{"start":{"line":10,"column":29},"end":{"line":17,"column":6}}},"1":{"name":"(anonymous_9)","decl":{"start":{"line":19,"column":10},"end":{"line":19,"column":19}},"loc":{"start":{"line":19,"column":34},"end":{"line":25,"column":6}}},"2":{"name":"(anonymous_11)","decl":{"start":{"line":27,"column":10},"end":{"line":27,"column":13}},"loc":{"start":{"line":27,"column":27},"end":{"line":33,"column":null}}},"3":{"name":"(anonymous_13)","decl":{"start":{"line":36,"column":10},"end":{"line":36,"column":17}},"loc":{"start":{"line":36,"column":40},"end":{"line":39,"column":null}}},"4":{"name":"(anonymous_15)","decl":{"start":{"line":41,"column":10},"end":{"line":41,"column":25}},"loc":{"start":{"line":41,"column":48},"end":{"line":46,"column":null}}}},"branchMap":{},"s":{"0":1,"1":0,"2":0,"3":0,"4":0,"5":0,"6":0,"7":0,"8":0,"9":0,"10":1,"11":5,"12":5,"13":0,"14":0,"15":0,"16":0,"17":1},"f":{"0":0,"1":0,"2":1,"3":5,"4":0},"b":{}}
,"C:\\xampp\\htdocs\\synrgy\\Project\\Challenge8\\api\\src\\routes\\carRouter.ts": {"path":"C:\\xampp\\htdocs\\synrgy\\Project\\Challenge8\\api\\src\\routes\\carRouter.ts","statementMap":{"0":{"start":{"line":1,"column":0},"end":{"line":1,"column":29}},"1":{"start":{"line":3,"column":15},"end":{"line":3,"column":31}},"2":{"start":{"line":4,"column":22},"end":{"line":4,"column":64}},"3":{"start":{"line":5,"column":15},"end":{"line":5,"column":46}},"4":{"start":{"line":6,"column":23},"end":{"line":6,"column":66}},"5":{"start":{"line":8,"column":0},"end":{"line":8,"column":59}},"6":{"start":{"line":9,"column":0},"end":{"line":9,"column":null}},"7":{"start":{"line":10,"column":0},"end":{"line":10,"column":91}},"8":{"start":{"line":11,"column":0},"end":{"line":11,"column":93}},"9":{"start":{"line":12,"column":0},"end":{"line":12,"column":72}},"10":{"start":{"line":14,"column":0},"end":{"line":14,"column":24}}},"fnMap":{},"branchMap":{},"s":{"0":1,"1":1,"2":1,"3":1,"4":1,"5":1,"6":1,"7":1,"8":1,"9":1,"10":1},"f":{},"b":{}}
,"C:\\xampp\\htdocs\\synrgy\\Project\\Challenge8\\api\\src\\routes\\userRouter.ts": {"path":"C:\\xampp\\htdocs\\synrgy\\Project\\Challenge8\\api\\src\\routes\\userRouter.ts","statementMap":{"0":{"start":{"line":1,"column":0},"end":{"line":1,"column":29}},"1":{"start":{"line":3,"column":15},"end":{"line":3,"column":31}},"2":{"start":{"line":4,"column":23},"end":{"line":4,"column":66}},"3":{"start":{"line":5,"column":15},"end":{"line":5,"column":46}},"4":{"start":{"line":8,"column":0},"end":{"line":8,"column":86}},"5":{"start":{"line":9,"column":0},"end":{"line":9,"column":84}},"6":{"start":{"line":10,"column":0},"end":{"line":10,"column":65}},"7":{"start":{"line":11,"column":0},"end":{"line":11,"column":59}},"8":{"start":{"line":13,"column":0},"end":{"line":13,"column":24}}},"fnMap":{},"branchMap":{},"s":{"0":1,"1":1,"2":1,"3":1,"4":1,"5":1,"6":1,"7":1,"8":1},"f":{},"b":{}}
,"C:\\xampp\\htdocs\\synrgy\\Project\\Challenge8\\api\\src\\services\\cars.ts": {"path":"C:\\xampp\\htdocs\\synrgy\\Project\\Challenge8\\api\\src\\services\\cars.ts","statementMap":{"0":{"start":{"line":2,"column":0},"end":{"line":2,"column":49}},"1":{"start":{"line":7,"column":2},"end":{"line":7,"column":32}},"2":{"start":{"line":10,"column":4},"end":{"line":10,"column":46}},"3":{"start":{"line":14,"column":4},"end":{"line":14,"column":46}},"4":{"start":{"line":18,"column":4},"end":{"line":18,"column":53}},"5":{"start":{"line":22,"column":4},"end":{"line":22,"column":50}},"6":{"start":{"line":26,"column":4},"end":{"line":26,"column":59}},"7":{"start":{"line":30,"column":4},"end":{"line":30,"column":59}},"8":{"start":{"line":6,"column":21},"end":{"line":6,"column":null}}},"fnMap":{"0":{"name":"(anonymous_10)","decl":{"start":{"line":9,"column":2},"end":{"line":9,"column":null}},"loc":{"start":{"line":9,"column":2},"end":{"line":11,"column":3}}},"1":{"name":"(anonymous_11)","decl":{"start":{"line":13,"column":8},"end":{"line":13,"column":11}},"loc":{"start":{"line":13,"column":11},"end":{"line":15,"column":null}}},"2":{"name":"(anonymous_13)","decl":{"start":{"line":17,"column":8},"end":{"line":17,"column":12}},"loc":{"start":{"line":17,"column":42},"end":{"line":19,"column":null}}},"3":{"name":"(anonymous_15)","decl":{"start":{"line":21,"column":8},"end":{"line":21,"column":15}},"loc":{"start":{"line":21,"column":28},"end":{"line":23,"column":null}}},"4":{"name":"(anonymous_17)","decl":{"start":{"line":25,"column":8},"end":{"line":25,"column":18}},"loc":{"start":{"line":25,"column":48},"end":{"line":27,"column":null}}},"5":{"name":"(anonymous_19)","decl":{"start":{"line":29,"column":8},"end":{"line":29,"column":18}},"loc":{"start":{"line":29,"column":48},"end":{"line":31,"column":null}}}},"branchMap":{},"s":{"0":1,"1":0,"2":0,"3":0,"4":0,"5":0,"6":0,"7":0,"8":1},"f":{"0":0,"1":0,"2":0,"3":0,"4":0,"5":0},"b":{}}
,"C:\\xampp\\htdocs\\synrgy\\Project\\Challenge8\\api\\src\\services\\users.ts": {"path":"C:\\xampp\\htdocs\\synrgy\\Project\\Challenge8\\api\\src\\services\\users.ts","statementMap":{"0":{"start":{"line":1,"column":0},"end":{"line":1,"column":51}},"1":{"start":{"line":15,"column":4},"end":{"line":15,"column":36}},"2":{"start":{"line":18,"column":8},"end":{"line":18,"column":52}},"3":{"start":{"line":23,"column":8},"end":{"line":23,"column":54}},"4":{"start":{"line":27,"column":8},"end":{"line":27,"column":59}},"5":{"start":{"line":31,"column":22},"end":{"line":31,"column":39}},"6":{"start":{"line":32,"column":8},"end":{"line":32,"column":null}},"7":{"start":{"line":36,"column":8},"end":{"line":36,"column":null}},"8":{"start":{"line":40,"column":8},"end":{"line":40,"column":null}},"9":{"start":{"line":14,"column":21},"end":{"line":14,"column":null}}},"fnMap":{"0":{"name":"(anonymous_10)","decl":{"start":{"line":17,"column":4},"end":{"line":17,"column":null}},"loc":{"start":{"line":17,"column":4},"end":{"line":19,"column":5}}},"1":{"name":"(anonymous_11)","decl":{"start":{"line":22,"column":10},"end":{"line":22,"column":14}},"loc":{"start":{"line":22,"column":29},"end":{"line":24,"column":null}}},"2":{"name":"(anonymous_13)","decl":{"start":{"line":26,"column":10},"end":{"line":26,"column":19}},"loc":{"start":{"line":26,"column":34},"end":{"line":28,"column":null}}},"3":{"name":"(anonymous_15)","decl":{"start":{"line":30,"column":10},"end":{"line":30,"column":13}},"loc":{"start":{"line":30,"column":28},"end":{"line":33,"column":null}}},"4":{"name":"(anonymous_17)","decl":{"start":{"line":35,"column":10},"end":{"line":35,"column":17}},"loc":{"start":{"line":35,"column":40},"end":{"line":37,"column":null}}},"5":{"name":"(anonymous_19)","decl":{"start":{"line":39,"column":10},"end":{"line":39,"column":25}},"loc":{"start":{"line":39,"column":48},"end":{"line":41,"column":null}}}},"branchMap":{"0":{"loc":{"start":{"line":31,"column":22},"end":{"line":31,"column":39}},"type":"binary-expr","locations":[{"start":{"line":31,"column":22},"end":{"line":31,"column":33}},{"start":{"line":31,"column":37},"end":{"line":31,"column":39}}]}},"s":{"0":1,"1":6,"2":6,"3":0,"4":0,"5":1,"6":1,"7":5,"8":0,"9":1},"f":{"0":6,"1":0,"2":0,"3":1,"4":5,"5":0},"b":{"0":[1,0]}}
,"C:\\xampp\\htdocs\\synrgy\\Project\\Challenge8\\api\\src\\utilities\\checkPassword.ts": {"path":"C:\\xampp\\htdocs\\synrgy\\Project\\Challenge8\\api\\src\\utilities\\checkPassword.ts","statementMap":{"0":{"start":{"line":3,"column":15},"end":{"line":3,"column":34}},"1":{"start":{"line":4,"column":13},"end":{"line":4,"column":15}},"2":{"start":{"line":7,"column":4},"end":{"line":16,"column":null}},"3":{"start":{"line":8,"column":8},"end":{"line":15,"column":null}},"4":{"start":{"line":9,"column":12},"end":{"line":12,"column":null}},"5":{"start":{"line":10,"column":16},"end":{"line":10,"column":28}},"6":{"start":{"line":11,"column":16},"end":{"line":11,"column":23}},"7":{"start":{"line":14,"column":12},"end":{"line":14,"column":35}},"8":{"start":{"line":19,"column":0},"end":{"line":19,"column":31}}},"fnMap":{"0":{"name":"checkPassword","decl":{"start":{"line":6,"column":9},"end":{"line":6,"column":22}},"loc":{"start":{"line":6,"column":58},"end":{"line":17,"column":1}}},"1":{"name":"(anonymous_1)","decl":{"start":{"line":7,"column":23},"end":{"line":7,"column":24}},"loc":{"start":{"line":7,"column":42},"end":{"line":16,"column":5}}},"2":{"name":"(anonymous_2)","decl":{"start":{"line":8,"column":44},"end":{"line":8,"column":45}},"loc":{"start":{"line":8,"column":81},"end":{"line":15,"column":9}}}},"branchMap":{"0":{"loc":{"start":{"line":9,"column":12},"end":{"line":12,"column":null}},"type":"if","locations":[{"start":{"line":9,"column":12},"end":{"line":12,"column":null}}]}},"s":{"0":1,"1":1,"2":1,"3":1,"4":1,"5":0,"6":0,"7":1,"8":1},"f":{"0":1,"1":1,"2":1},"b":{"0":[0]}}
,"C:\\xampp\\htdocs\\synrgy\\Project\\Challenge8\\api\\src\\utilities\\encryptPassword.ts": {"path":"C:\\xampp\\htdocs\\synrgy\\Project\\Challenge8\\api\\src\\utilities\\encryptPassword.ts","statementMap":{"0":{"start":{"line":2,"column":15},"end":{"line":2,"column":34}},"1":{"start":{"line":3,"column":13},"end":{"line":3,"column":15}},"2":{"start":{"line":6,"column":4},"end":{"line":15,"column":null}},"3":{"start":{"line":7,"column":8},"end":{"line":14,"column":null}},"4":{"start":{"line":8,"column":12},"end":{"line":11,"column":null}},"5":{"start":{"line":9,"column":16},"end":{"line":9,"column":28}},"6":{"start":{"line":10,"column":16},"end":{"line":10,"column":23}},"7":{"start":{"line":13,"column":12},"end":{"line":13,"column":null}},"8":{"start":{"line":18,"column":0},"end":{"line":18,"column":33}}},"fnMap":{"0":{"name":"encryptPassword","decl":{"start":{"line":5,"column":9},"end":{"line":5,"column":24}},"loc":{"start":{"line":5,"column":37},"end":{"line":16,"column":1}}},"1":{"name":"(anonymous_1)","decl":{"start":{"line":6,"column":23},"end":{"line":6,"column":24}},"loc":{"start":{"line":6,"column":42},"end":{"line":15,"column":5}}},"2":{"name":"(anonymous_2)","decl":{"start":{"line":7,"column":32},"end":{"line":7,"column":33}},"loc":{"start":{"line":7,"column":69},"end":{"line":14,"column":9}}}},"branchMap":{"0":{"loc":{"start":{"line":8,"column":12},"end":{"line":11,"column":null}},"type":"if","locations":[{"start":{"line":8,"column":12},"end":{"line":11,"column":null}}]}},"s":{"0":1,"1":1,"2":0,"3":0,"4":0,"5":0,"6":0,"7":0,"8":1},"f":{"0":0,"1":0,"2":0},"b":{"0":[0]}}
}
