TN:
SF:index.ts
FN:35,(anonymous_1)
FNF:1
FNH:1
FNDA:1,(anonymous_1)
DA:1,1
DA:2,1
DA:3,1
DA:4,1
DA:6,1
DA:7,1
DA:8,1
DA:9,1
DA:10,1
DA:11,1
DA:13,1
DA:23,1
DA:25,1
DA:26,1
DA:27,1
DA:28,1
DA:32,1
DA:33,1
DA:35,1
DA:36,1
DA:39,1
LF:21
LH:21
BRF:0
BRH:0
end_of_record
TN:
SF:src\controllers\carControllers.ts
FN:5,(anonymous_8)
FN:5,(anonymous_9)
FN:9,(anonymous_10)
FN:16,(anonymous_11)
FN:24,(anonymous_12)
FN:24,(anonymous_13)
FN:26,(anonymous_14)
FN:32,(anonymous_15)
FN:40,(anonymous_16)
FN:40,(anonymous_17)
FN:41,(anonymous_18)
FN:47,(anonymous_19)
FN:55,(anonymous_20)
FN:55,(anonymous_21)
FN:57,(anonymous_22)
FN:63,(anonymous_23)
FN:71,(anonymous_24)
FN:71,(anonymous_25)
FN:73,(anonymous_26)
FN:79,(anonymous_27)
FNF:20
FNH:0
FNDA:0,(anonymous_8)
FNDA:0,(anonymous_9)
FNDA:0,(anonymous_10)
FNDA:0,(anonymous_11)
FNDA:0,(anonymous_12)
FNDA:0,(anonymous_13)
FNDA:0,(anonymous_14)
FNDA:0,(anonymous_15)
FNDA:0,(anonymous_16)
FNDA:0,(anonymous_17)
FNDA:0,(anonymous_18)
FNDA:0,(anonymous_19)
FNDA:0,(anonymous_20)
FNDA:0,(anonymous_21)
FNDA:0,(anonymous_22)
FNDA:0,(anonymous_23)
FNDA:0,(anonymous_24)
FNDA:0,(anonymous_25)
FNDA:0,(anonymous_26)
FNDA:0,(anonymous_27)
DA:2,1
DA:3,1
DA:5,1
DA:9,0
DA:10,0
DA:11,0
DA:12,0
DA:17,0
DA:24,1
DA:25,0
DA:26,0
DA:27,0
DA:28,0
DA:33,0
DA:40,1
DA:41,0
DA:42,0
DA:43,0
DA:48,0
DA:55,1
DA:56,0
DA:57,0
DA:58,0
DA:59,0
DA:64,0
DA:71,1
DA:72,0
DA:73,0
DA:74,0
DA:75,0
DA:80,0
DA:87,1
LF:32
LH:8
BRF:0
BRH:0
end_of_record
TN:
SF:src\controllers\userControllers.ts
FN:14,(anonymous_8)
FN:19,(anonymous_9)
FN:19,(anonymous_10)
FN:37,(anonymous_11)
FN:37,(anonymous_12)
FN:80,(anonymous_13)
FN:80,(anonymous_14)
FN:96,(anonymous_15)
FN:96,(anonymous_16)
FN:114,(anonymous_17)
FN:114,(anonymous_18)
FN:138,(anonymous_19)
FN:138,(anonymous_20)
FN:167,(anonymous_21)
FN:167,(anonymous_22)
FN:168,(anonymous_23)
FN:174,(anonymous_24)
FNF:17
FNH:5
FNDA:1,(anonymous_8)
FNDA:0,(anonymous_9)
FNDA:0,(anonymous_10)
FNDA:1,(anonymous_11)
FNDA:1,(anonymous_12)
FNDA:0,(anonymous_13)
FNDA:0,(anonymous_14)
FNDA:0,(anonymous_15)
FNDA:0,(anonymous_16)
FNDA:0,(anonymous_17)
FNDA:0,(anonymous_18)
FNDA:5,(anonymous_19)
FNDA:5,(anonymous_20)
FNDA:0,(anonymous_21)
FNDA:0,(anonymous_22)
FNDA:0,(anonymous_23)
FNDA:0,(anonymous_24)
DA:2,1
DA:3,1
DA:5,1
DA:6,1
DA:14,1
DA:15,1
DA:19,1
DA:20,0
DA:21,0
DA:22,0
DA:25,0
DA:28,0
DA:31,0
DA:37,1
DA:38,1
DA:39,1
DA:42,1
DA:44,1
DA:45,0
DA:51,1
DA:53,1
DA:54,0
DA:60,1
DA:66,1
DA:80,1
DA:81,0
DA:82,0
DA:83,0
DA:85,0
DA:89,0
DA:96,1
DA:97,0
DA:98,0
DA:99,0
DA:100,0
DA:101,0
DA:104,0
DA:106,0
DA:108,0
DA:114,1
DA:115,0
DA:116,0
DA:117,0
DA:118,0
DA:119,0
DA:122,0
DA:124,0
DA:126,0
DA:129,0
DA:132,0
DA:138,5
DA:139,5
DA:140,5
DA:141,5
DA:142,5
DA:143,5
DA:144,5
DA:147,5
DA:148,5
DA:150,5
DA:151,5
DA:153,5
DA:156,0
DA:157,0
DA:160,5
DA:161,5
DA:167,1
DA:168,0
DA:169,0
DA:170,0
DA:175,0
DA:183,1
LF:72
LH:35
BRDA:15,0,0,1
BRDA:15,0,1,1
BRDA:22,1,0,0
BRDA:22,1,1,0
BRDA:39,2,0,1
BRDA:39,2,1,0
BRDA:44,3,0,0
BRDA:53,4,0,0
BRDA:83,5,0,0
BRDA:83,5,1,0
BRDA:83,6,0,0
BRDA:83,6,1,0
BRDA:83,7,0,0
BRDA:83,7,1,0
BRDA:83,8,0,0
BRDA:83,8,1,0
BRDA:83,9,0,0
BRDA:83,9,1,0
BRDA:99,10,0,0
BRDA:99,10,1,0
BRDA:99,11,0,0
BRDA:99,11,1,0
BRDA:99,12,0,0
BRDA:99,12,1,0
BRDA:99,13,0,0
BRDA:99,13,1,0
BRDA:99,14,0,0
BRDA:99,14,1,0
BRDA:100,15,0,0
BRDA:100,15,1,0
BRDA:117,16,0,0
BRDA:117,16,1,0
BRDA:117,17,0,0
BRDA:117,17,1,0
BRDA:117,18,0,0
BRDA:117,18,1,0
BRDA:117,19,0,0
BRDA:117,19,1,0
BRDA:117,20,0,0
BRDA:117,20,1,0
BRDA:118,21,0,0
BRDA:118,21,1,0
BRDA:124,22,0,0
BRDA:124,22,1,0
BRDA:124,23,0,0
BRDA:124,23,1,0
BRDA:124,24,0,0
BRDA:124,24,1,0
BRDA:141,25,0,5
BRDA:141,25,1,0
BRDA:141,26,0,0
BRDA:141,26,1,5
BRDA:141,27,0,5
BRDA:141,27,1,5
BRDA:141,28,0,0
BRDA:141,28,1,5
BRDA:141,29,0,5
BRDA:141,29,1,5
BRDA:142,30,0,5
BRDA:142,30,1,5
BRDA:148,31,0,0
BRDA:148,31,1,5
BRDA:148,32,0,5
BRDA:148,32,1,5
BRDA:150,33,0,5
BRDA:150,33,1,0
BRDA:150,34,0,5
BRDA:150,34,1,5
BRDA:150,35,0,0
BRDA:150,35,1,5
BRDA:150,36,0,5
BRDA:150,36,1,5
BRDA:150,37,0,0
BRDA:150,37,1,5
BRDA:150,38,0,5
BRDA:150,38,1,5
BRF:76
BRH:24
end_of_record
TN:
SF:src\middleware\handlerLogger.ts
FN:3,(anonymous_0)
FNF:1
FNH:0
FNDA:0,(anonymous_0)
DA:3,1
DA:4,0
DA:5,0
DA:8,1
LF:4
LH:2
BRF:0
BRH:0
end_of_record
TN:
SF:src\middleware\isAdmin.ts
FN:3,(anonymous_0)
FNF:1
FNH:0
FNDA:0,(anonymous_0)
DA:3,1
DA:4,0
DA:5,0
DA:6,0
DA:7,0
DA:10,0
DA:17,1
LF:7
LH:2
BRDA:5,0,0,0
BRF:1
BRH:0
end_of_record
TN:
SF:src\middleware\upload.ts
FNF:0
FNH:0
DA:1,1
DA:7,1
DA:10,1
LF:3
LH:3
BRF:0
BRH:0
end_of_record
TN:
SF:src\models\Cars.ts
FN:17,(anonymous_0)
FNF:1
FNH:0
FNDA:0,(anonymous_0)
DA:1,1
DA:3,1
DA:18,0
LF:3
LH:2
BRF:0
BRH:0
end_of_record
TN:
SF:src\models\Users.ts
FN:10,(anonymous_0)
FNF:1
FNH:1
FNDA:18,(anonymous_0)
DA:1,1
DA:3,1
DA:11,18
LF:3
LH:3
BRF:0
BRH:0
end_of_record
TN:
SF:src\repositories\cars.ts
FN:14,(anonymous_7)
FN:18,(anonymous_9)
FN:33,(anonymous_11)
FN:50,(anonymous_12)
FN:55,(anonymous_14)
FN:63,(anonymous_16)
FN:80,(anonymous_18)
FNF:7
FNH:0
FNDA:0,(anonymous_7)
FNDA:0,(anonymous_9)
FNDA:0,(anonymous_11)
FNDA:0,(anonymous_12)
FNDA:0,(anonymous_14)
FNDA:0,(anonymous_16)
FNDA:0,(anonymous_18)
DA:1,1
DA:2,1
DA:7,1
DA:13,1
DA:15,0
DA:19,0
DA:23,0
DA:24,0
DA:25,0
DA:27,0
DA:29,0
DA:31,0
DA:33,0
DA:34,0
DA:35,0
DA:38,0
DA:41,0
DA:42,0
DA:43,0
DA:44,0
DA:45,0
DA:47,0
DA:51,0
DA:52,0
DA:56,0
DA:57,0
DA:58,0
DA:60,0
DA:64,0
DA:65,0
DA:67,0
DA:69,0
DA:70,0
DA:71,0
DA:72,0
DA:74,0
DA:76,0
DA:78,0
DA:80,0
DA:81,0
DA:82,0
DA:85,0
DA:88,0
DA:89,0
DA:90,0
DA:91,0
DA:92,0
LF:47
LH:4
BRDA:15,0,0,0
BRDA:15,0,1,0
BRDA:23,1,0,0
BRDA:23,1,1,0
BRDA:23,2,0,0
BRDA:23,2,1,0
BRDA:24,3,0,0
BRDA:24,3,1,0
BRDA:24,4,0,0
BRDA:24,4,1,0
BRDA:25,5,0,0
BRDA:25,5,1,0
BRDA:25,6,0,0
BRDA:25,6,1,0
BRDA:34,7,0,0
BRDA:41,8,0,0
BRDA:41,8,1,0
BRDA:41,9,0,0
BRDA:41,9,1,0
BRDA:42,10,0,0
BRDA:42,10,1,0
BRDA:42,11,0,0
BRDA:42,11,1,0
BRDA:43,12,0,0
BRDA:43,12,1,0
BRDA:43,13,0,0
BRDA:43,13,1,0
BRDA:44,14,0,0
BRDA:44,14,1,0
BRDA:44,15,0,0
BRDA:44,15,1,0
BRDA:69,16,0,0
BRDA:69,16,1,0
BRDA:69,17,0,0
BRDA:69,17,1,0
BRDA:70,18,0,0
BRDA:70,18,1,0
BRDA:70,19,0,0
BRDA:70,19,1,0
BRDA:71,20,0,0
BRDA:71,20,1,0
BRDA:71,21,0,0
BRDA:71,21,1,0
BRDA:81,22,0,0
BRDA:88,23,0,0
BRDA:88,23,1,0
BRDA:88,24,0,0
BRDA:88,24,1,0
BRDA:89,25,0,0
BRDA:89,25,1,0
BRDA:89,26,0,0
BRDA:89,26,1,0
BRDA:90,27,0,0
BRDA:90,27,1,0
BRDA:90,28,0,0
BRDA:90,28,1,0
BRDA:91,29,0,0
BRDA:91,29,1,0
BRDA:91,30,0,0
BRDA:91,30,1,0
BRF:60
BRH:0
end_of_record
TN:
SF:src\repositories\users.ts
FN:10,(anonymous_7)
FN:19,(anonymous_9)
FN:27,(anonymous_11)
FN:36,(anonymous_13)
FN:41,(anonymous_15)
FNF:5
FNH:2
FNDA:0,(anonymous_7)
FNDA:0,(anonymous_9)
FNDA:1,(anonymous_11)
FNDA:5,(anonymous_13)
FNDA:0,(anonymous_15)
DA:1,1
DA:9,1
DA:11,0
DA:12,0
DA:13,0
DA:14,0
DA:16,0
DA:20,0
DA:21,0
DA:22,0
DA:24,0
DA:30,1
DA:37,5
DA:38,5
DA:42,0
DA:43,0
DA:44,0
DA:45,0
LF:18
LH:5
BRF:0
BRH:0
end_of_record
TN:
SF:src\routes\carRouter.ts
FNF:0
FNH:0
DA:1,1
DA:3,1
DA:4,1
DA:5,1
DA:6,1
DA:8,1
DA:9,1
DA:10,1
DA:11,1
DA:12,1
DA:14,1
LF:11
LH:11
BRF:0
BRH:0
end_of_record
TN:
SF:src\routes\userRouter.ts
FNF:0
FNH:0
DA:1,1
DA:3,1
DA:4,1
DA:5,1
DA:8,1
DA:9,1
DA:10,1
DA:11,1
DA:13,1
LF:9
LH:9
BRF:0
BRH:0
end_of_record
TN:
SF:src\services\cars.ts
FN:9,(anonymous_10)
FN:13,(anonymous_11)
FN:17,(anonymous_13)
FN:21,(anonymous_15)
FN:25,(anonymous_17)
FN:29,(anonymous_19)
FNF:6
FNH:0
FNDA:0,(anonymous_10)
FNDA:0,(anonymous_11)
FNDA:0,(anonymous_13)
FNDA:0,(anonymous_15)
FNDA:0,(anonymous_17)
FNDA:0,(anonymous_19)
DA:2,1
DA:6,1
DA:7,0
DA:10,0
DA:14,0
DA:18,0
DA:22,0
DA:26,0
DA:30,0
LF:9
LH:2
BRF:0
BRH:0
end_of_record
TN:
SF:src\services\users.ts
FN:17,(anonymous_10)
FN:22,(anonymous_11)
FN:26,(anonymous_13)
FN:30,(anonymous_15)
FN:35,(anonymous_17)
FN:39,(anonymous_19)
FNF:6
FNH:3
FNDA:6,(anonymous_10)
FNDA:0,(anonymous_11)
FNDA:0,(anonymous_13)
FNDA:1,(anonymous_15)
FNDA:5,(anonymous_17)
FNDA:0,(anonymous_19)
DA:1,1
DA:14,1
DA:15,6
DA:18,6
DA:23,0
DA:27,0
DA:31,1
DA:32,1
DA:36,5
DA:40,0
LF:10
LH:7
BRDA:31,0,0,1
BRDA:31,0,1,0
BRF:2
BRH:1
end_of_record
TN:
SF:src\utilities\checkPassword.ts
FN:6,checkPassword
FN:7,(anonymous_1)
FN:8,(anonymous_2)
FNF:3
FNH:3
FNDA:1,checkPassword
FNDA:1,(anonymous_1)
FNDA:1,(anonymous_2)
DA:3,1
DA:4,1
DA:7,1
DA:8,1
DA:9,1
DA:10,0
DA:11,0
DA:14,1
DA:19,1
LF:9
LH:7
BRDA:9,0,0,0
BRF:1
BRH:0
end_of_record
TN:
SF:src\utilities\encryptPassword.ts
FN:5,encryptPassword
FN:6,(anonymous_1)
FN:7,(anonymous_2)
FNF:3
FNH:0
FNDA:0,encryptPassword
FNDA:0,(anonymous_1)
FNDA:0,(anonymous_2)
DA:2,1
DA:3,1
DA:6,0
DA:7,0
DA:8,0
DA:9,0
DA:10,0
DA:13,0
DA:18,1
LF:9
LH:3
BRDA:8,0,0,0
BRF:1
BRH:0
end_of_record
